<?xml version="1.0" encoding="UTF-8"?>
<testsuite name="study.querydsl.MemberTest" tests="1" skipped="0" failures="0" errors="0" timestamp="2022-03-10T12:01:23" hostname="isol-ui-MacBookPro.local" time="0.277">
  <properties/>
  <testcase name="testEntity()" classname="study.querydsl.MemberTest" time="0.277"/>
  <system-out><![CDATA[21:01:21.612 [Test worker] DEBUG org.springframework.test.context.BootstrapUtils - Instantiating CacheAwareContextLoaderDelegate from class [org.springframework.test.context.cache.DefaultCacheAwareContextLoaderDelegate]
21:01:21.618 [Test worker] DEBUG org.springframework.test.context.BootstrapUtils - Instantiating BootstrapContext using constructor [public org.springframework.test.context.support.DefaultBootstrapContext(java.lang.Class,org.springframework.test.context.CacheAwareContextLoaderDelegate)]
21:01:21.634 [Test worker] DEBUG org.springframework.test.context.BootstrapUtils - Instantiating TestContextBootstrapper for test class [study.querydsl.MemberTest] from class [org.springframework.boot.test.context.SpringBootTestContextBootstrapper]
21:01:21.641 [Test worker] INFO org.springframework.boot.test.context.SpringBootTestContextBootstrapper - Neither @ContextConfiguration nor @ContextHierarchy found for test class [study.querydsl.MemberTest], using SpringBootContextLoader
21:01:21.643 [Test worker] DEBUG org.springframework.test.context.support.AbstractContextLoader - Did not detect default resource location for test class [study.querydsl.MemberTest]: class path resource [study/querydsl/MemberTest-context.xml] does not exist
21:01:21.643 [Test worker] DEBUG org.springframework.test.context.support.AbstractContextLoader - Did not detect default resource location for test class [study.querydsl.MemberTest]: class path resource [study/querydsl/MemberTestContext.groovy] does not exist
21:01:21.644 [Test worker] INFO org.springframework.test.context.support.AbstractContextLoader - Could not detect default resource locations for test class [study.querydsl.MemberTest]: no resource found for suffixes {-context.xml, Context.groovy}.
21:01:21.644 [Test worker] INFO org.springframework.test.context.support.AnnotationConfigContextLoaderUtils - Could not detect default configuration classes for test class [study.querydsl.MemberTest]: MemberTest does not declare any static, non-private, non-final, nested classes annotated with @Configuration.
21:01:21.665 [Test worker] DEBUG org.springframework.test.context.support.ActiveProfilesUtils - Could not find an 'annotation declaring class' for annotation type [org.springframework.test.context.ActiveProfiles] and class [study.querydsl.MemberTest]
21:01:21.695 [Test worker] DEBUG org.springframework.context.annotation.ClassPathScanningCandidateComponentProvider - Identified candidate component class: file [/Users/pine_lee/Desktop/PROJECT/Spring_JPA/querydsl/build/classes/java/main/study/querydsl/QuerydslApplication.class]
21:01:21.695 [Test worker] INFO org.springframework.boot.test.context.SpringBootTestContextBootstrapper - Found @SpringBootConfiguration study.querydsl.QuerydslApplication for test class study.querydsl.MemberTest
21:01:21.748 [Test worker] DEBUG org.springframework.boot.test.context.SpringBootTestContextBootstrapper - @TestExecutionListeners is not present for class [study.querydsl.MemberTest]: using defaults.
21:01:21.749 [Test worker] INFO org.springframework.boot.test.context.SpringBootTestContextBootstrapper - Loaded default TestExecutionListener class names from location [META-INF/spring.factories]: [org.springframework.boot.test.autoconfigure.restdocs.RestDocsTestExecutionListener, org.springframework.boot.test.autoconfigure.web.client.MockRestServiceServerResetTestExecutionListener, org.springframework.boot.test.autoconfigure.web.servlet.MockMvcPrintOnlyOnFailureTestExecutionListener, org.springframework.boot.test.autoconfigure.web.servlet.WebDriverTestExecutionListener, org.springframework.boot.test.autoconfigure.webservices.client.MockWebServiceServerTestExecutionListener, org.springframework.boot.test.mock.mockito.MockitoTestExecutionListener, org.springframework.boot.test.mock.mockito.ResetMocksTestExecutionListener, org.springframework.test.context.web.ServletTestExecutionListener, org.springframework.test.context.support.DirtiesContextBeforeModesTestExecutionListener, org.springframework.test.context.event.ApplicationEventsTestExecutionListener, org.springframework.test.context.support.DependencyInjectionTestExecutionListener, org.springframework.test.context.support.DirtiesContextTestExecutionListener, org.springframework.test.context.transaction.TransactionalTestExecutionListener, org.springframework.test.context.jdbc.SqlScriptsTestExecutionListener, org.springframework.test.context.event.EventPublishingTestExecutionListener]
21:01:21.757 [Test worker] INFO org.springframework.boot.test.context.SpringBootTestContextBootstrapper - Using TestExecutionListeners: [org.springframework.test.context.web.ServletTestExecutionListener@6e33c391, org.springframework.test.context.support.DirtiesContextBeforeModesTestExecutionListener@6c451c9c, org.springframework.test.context.event.ApplicationEventsTestExecutionListener@31c269fd, org.springframework.boot.test.mock.mockito.MockitoTestExecutionListener@372b0d86, org.springframework.boot.test.autoconfigure.SpringBootDependencyInjectionTestExecutionListener@47747fb9, org.springframework.test.context.support.DirtiesContextTestExecutionListener@3113a37, org.springframework.test.context.transaction.TransactionalTestExecutionListener@213e3629, org.springframework.test.context.jdbc.SqlScriptsTestExecutionListener@4e9658b5, org.springframework.test.context.event.EventPublishingTestExecutionListener@2a7b6f69, org.springframework.boot.test.autoconfigure.restdocs.RestDocsTestExecutionListener@20312893, org.springframework.boot.test.autoconfigure.web.client.MockRestServiceServerResetTestExecutionListener@70eecdc2, org.springframework.boot.test.autoconfigure.web.servlet.MockMvcPrintOnlyOnFailureTestExecutionListener@c41709a, org.springframework.boot.test.autoconfigure.web.servlet.WebDriverTestExecutionListener@7db0565c, org.springframework.boot.test.autoconfigure.webservices.client.MockWebServiceServerTestExecutionListener@54ec8cc9, org.springframework.boot.test.mock.mockito.ResetMocksTestExecutionListener@52eacb4b]
21:01:21.759 [Test worker] DEBUG org.springframework.test.context.support.AbstractDirtiesContextTestExecutionListener - Before test class: context [DefaultTestContext@781e7326 testClass = MemberTest, testInstance = [null], testMethod = [null], testException = [null], mergedContextConfiguration = [WebMergedContextConfiguration@22680f52 testClass = MemberTest, locations = '{}', classes = '{class study.querydsl.QuerydslApplication}', contextInitializerClasses = '[]', activeProfiles = '{}', propertySourceLocations = '{}', propertySourceProperties = '{org.springframework.boot.test.context.SpringBootTestContextBootstrapper=true}', contextCustomizers = set[org.springframework.boot.test.autoconfigure.actuate.metrics.MetricsExportContextCustomizerFactory$DisableMetricExportContextCustomizer@a202ccb, org.springframework.boot.test.autoconfigure.properties.PropertyMappingContextCustomizer@0, org.springframework.boot.test.autoconfigure.web.servlet.WebDriverContextCustomizerFactory$Customizer@4044fb95, org.springframework.boot.test.context.filter.ExcludeFilterContextCustomizer@1bb564e2, org.springframework.boot.test.json.DuplicateJsonObjectContextCustomizerFactory$DuplicateJsonObjectContextCustomizer@7b8233cd, org.springframework.boot.test.mock.mockito.MockitoContextCustomizer@0, org.springframework.boot.test.web.client.TestRestTemplateContextCustomizer@16746061, org.springframework.boot.test.context.SpringBootTestArgs@1, org.springframework.boot.test.context.SpringBootTestWebEnvironment@7fd7a283], resourceBasePath = 'src/main/webapp', contextLoader = 'org.springframework.boot.test.context.SpringBootContextLoader', parent = [null]], attributes = map['org.springframework.test.context.web.ServletTestExecutionListener.activateListener' -> true]], class annotated with @DirtiesContext [false] with mode [null].

  .   ____          _            __ _ _
 /\\ / ___'_ __ _ _(_)_ __  __ _ \ \ \ \
( ( )\___ | '_ | '_| | '_ \/ _` | \ \ \ \
 \\/  ___)| |_)| | | | | || (_| |  ) ) ) )
  '  |____| .__|_| |_|_| |_\__, | / / / /
 =========|_|==============|___/=/_/_/_/
 :: Spring Boot ::                (v2.6.4)

2022-03-10 21:01:22.061  INFO 36528 --- [    Test worker] study.querydsl.MemberTest                : Starting MemberTest using Java 11.0.14.1 on isol-ui-MacBookPro.local with PID 36528 (started by pine_lee in /Users/pine_lee/Desktop/PROJECT/Spring_JPA/querydsl)
2022-03-10 21:01:22.062  INFO 36528 --- [    Test worker] study.querydsl.MemberTest                : No active profile set, falling back to 1 default profile: "default"
2022-03-10 21:01:22.392  INFO 36528 --- [    Test worker] .s.d.r.c.RepositoryConfigurationDelegate : Bootstrapping Spring Data JPA repositories in DEFAULT mode.
2022-03-10 21:01:22.402  INFO 36528 --- [    Test worker] .s.d.r.c.RepositoryConfigurationDelegate : Finished Spring Data repository scanning in 4 ms. Found 0 JPA repository interfaces.
2022-03-10 21:01:22.768  INFO 36528 --- [    Test worker] o.hibernate.jpa.internal.util.LogHelper  : HHH000204: Processing PersistenceUnitInfo [name: default]
2022-03-10 21:01:22.798  INFO 36528 --- [    Test worker] org.hibernate.Version                    : HHH000412: Hibernate ORM core version 5.6.5.Final
2022-03-10 21:01:22.920  INFO 36528 --- [    Test worker] o.hibernate.annotations.common.Version   : HCANN000001: Hibernate Commons Annotations {5.1.2.Final}
2022-03-10 21:01:22.938 DEBUG 36528 --- [    Test worker] org.hibernate.type.BasicTypeRegistry     : Adding type registration boolean -> org.hibernate.type.BooleanType@3c60c681
2022-03-10 21:01:22.938 DEBUG 36528 --- [    Test worker] org.hibernate.type.BasicTypeRegistry     : Adding type registration boolean -> org.hibernate.type.BooleanType@3c60c681
2022-03-10 21:01:22.938 DEBUG 36528 --- [    Test worker] org.hibernate.type.BasicTypeRegistry     : Adding type registration java.lang.Boolean -> org.hibernate.type.BooleanType@3c60c681
2022-03-10 21:01:22.938 DEBUG 36528 --- [    Test worker] org.hibernate.type.BasicTypeRegistry     : Adding type registration numeric_boolean -> org.hibernate.type.NumericBooleanType@3c28181b
2022-03-10 21:01:22.939 DEBUG 36528 --- [    Test worker] org.hibernate.type.BasicTypeRegistry     : Adding type registration true_false -> org.hibernate.type.TrueFalseType@6def0632
2022-03-10 21:01:22.939 DEBUG 36528 --- [    Test worker] org.hibernate.type.BasicTypeRegistry     : Adding type registration yes_no -> org.hibernate.type.YesNoType@6b3f4bd8
2022-03-10 21:01:22.939 DEBUG 36528 --- [    Test worker] org.hibernate.type.BasicTypeRegistry     : Adding type registration byte -> org.hibernate.type.ByteType@77ea806f
2022-03-10 21:01:22.940 DEBUG 36528 --- [    Test worker] org.hibernate.type.BasicTypeRegistry     : Adding type registration byte -> org.hibernate.type.ByteType@77ea806f
2022-03-10 21:01:22.940 DEBUG 36528 --- [    Test worker] org.hibernate.type.BasicTypeRegistry     : Adding type registration java.lang.Byte -> org.hibernate.type.ByteType@77ea806f
2022-03-10 21:01:22.940 DEBUG 36528 --- [    Test worker] org.hibernate.type.BasicTypeRegistry     : Adding type registration character -> org.hibernate.type.CharacterType@26ca12a2
2022-03-10 21:01:22.940 DEBUG 36528 --- [    Test worker] org.hibernate.type.BasicTypeRegistry     : Adding type registration char -> org.hibernate.type.CharacterType@26ca12a2
2022-03-10 21:01:22.940 DEBUG 36528 --- [    Test worker] org.hibernate.type.BasicTypeRegistry     : Adding type registration java.lang.Character -> org.hibernate.type.CharacterType@26ca12a2
2022-03-10 21:01:22.941 DEBUG 36528 --- [    Test worker] org.hibernate.type.BasicTypeRegistry     : Adding type registration short -> org.hibernate.type.ShortType@ff0e6d4
2022-03-10 21:01:22.941 DEBUG 36528 --- [    Test worker] org.hibernate.type.BasicTypeRegistry     : Adding type registration short -> org.hibernate.type.ShortType@ff0e6d4
2022-03-10 21:01:22.941 DEBUG 36528 --- [    Test worker] org.hibernate.type.BasicTypeRegistry     : Adding type registration java.lang.Short -> org.hibernate.type.ShortType@ff0e6d4
2022-03-10 21:01:22.941 DEBUG 36528 --- [    Test worker] org.hibernate.type.BasicTypeRegistry     : Adding type registration integer -> org.hibernate.type.IntegerType@4c063cb9
2022-03-10 21:01:22.942 DEBUG 36528 --- [    Test worker] org.hibernate.type.BasicTypeRegistry     : Adding type registration int -> org.hibernate.type.IntegerType@4c063cb9
2022-03-10 21:01:22.942 DEBUG 36528 --- [    Test worker] org.hibernate.type.BasicTypeRegistry     : Adding type registration java.lang.Integer -> org.hibernate.type.IntegerType@4c063cb9
2022-03-10 21:01:22.942 DEBUG 36528 --- [    Test worker] org.hibernate.type.BasicTypeRegistry     : Adding type registration long -> org.hibernate.type.LongType@6d7740f0
2022-03-10 21:01:22.942 DEBUG 36528 --- [    Test worker] org.hibernate.type.BasicTypeRegistry     : Adding type registration long -> org.hibernate.type.LongType@6d7740f0
2022-03-10 21:01:22.942 DEBUG 36528 --- [    Test worker] org.hibernate.type.BasicTypeRegistry     : Adding type registration java.lang.Long -> org.hibernate.type.LongType@6d7740f0
2022-03-10 21:01:22.942 DEBUG 36528 --- [    Test worker] org.hibernate.type.BasicTypeRegistry     : Adding type registration float -> org.hibernate.type.FloatType@3957d88b
2022-03-10 21:01:22.943 DEBUG 36528 --- [    Test worker] org.hibernate.type.BasicTypeRegistry     : Adding type registration float -> org.hibernate.type.FloatType@3957d88b
2022-03-10 21:01:22.943 DEBUG 36528 --- [    Test worker] org.hibernate.type.BasicTypeRegistry     : Adding type registration java.lang.Float -> org.hibernate.type.FloatType@3957d88b
2022-03-10 21:01:22.943 DEBUG 36528 --- [    Test worker] org.hibernate.type.BasicTypeRegistry     : Adding type registration double -> org.hibernate.type.DoubleType@2296127
2022-03-10 21:01:22.943 DEBUG 36528 --- [    Test worker] org.hibernate.type.BasicTypeRegistry     : Adding type registration double -> org.hibernate.type.DoubleType@2296127
2022-03-10 21:01:22.943 DEBUG 36528 --- [    Test worker] org.hibernate.type.BasicTypeRegistry     : Adding type registration java.lang.Double -> org.hibernate.type.DoubleType@2296127
2022-03-10 21:01:22.943 DEBUG 36528 --- [    Test worker] org.hibernate.type.BasicTypeRegistry     : Adding type registration big_decimal -> org.hibernate.type.BigDecimalType@b5c902
2022-03-10 21:01:22.943 DEBUG 36528 --- [    Test worker] org.hibernate.type.BasicTypeRegistry     : Adding type registration java.math.BigDecimal -> org.hibernate.type.BigDecimalType@b5c902
2022-03-10 21:01:22.944 DEBUG 36528 --- [    Test worker] org.hibernate.type.BasicTypeRegistry     : Adding type registration big_integer -> org.hibernate.type.BigIntegerType@426710f0
2022-03-10 21:01:22.944 DEBUG 36528 --- [    Test worker] org.hibernate.type.BasicTypeRegistry     : Adding type registration java.math.BigInteger -> org.hibernate.type.BigIntegerType@426710f0
2022-03-10 21:01:22.944 DEBUG 36528 --- [    Test worker] org.hibernate.type.BasicTypeRegistry     : Adding type registration string -> org.hibernate.type.StringType@70f4f89e
2022-03-10 21:01:22.944 DEBUG 36528 --- [    Test worker] org.hibernate.type.BasicTypeRegistry     : Adding type registration java.lang.String -> org.hibernate.type.StringType@70f4f89e
2022-03-10 21:01:22.944 DEBUG 36528 --- [    Test worker] org.hibernate.type.BasicTypeRegistry     : Adding type registration nstring -> org.hibernate.type.StringNVarcharType@5be51aa
2022-03-10 21:01:22.945 DEBUG 36528 --- [    Test worker] org.hibernate.type.BasicTypeRegistry     : Adding type registration ncharacter -> org.hibernate.type.CharacterNCharType@2c8ff67
2022-03-10 21:01:22.945 DEBUG 36528 --- [    Test worker] org.hibernate.type.BasicTypeRegistry     : Adding type registration url -> org.hibernate.type.UrlType@2bb717d7
2022-03-10 21:01:22.945 DEBUG 36528 --- [    Test worker] org.hibernate.type.BasicTypeRegistry     : Adding type registration java.net.URL -> org.hibernate.type.UrlType@2bb717d7
2022-03-10 21:01:22.945 DEBUG 36528 --- [    Test worker] org.hibernate.type.BasicTypeRegistry     : Adding type registration Duration -> org.hibernate.type.DurationType@61a704d3
2022-03-10 21:01:22.945 DEBUG 36528 --- [    Test worker] org.hibernate.type.BasicTypeRegistry     : Adding type registration java.time.Duration -> org.hibernate.type.DurationType@61a704d3
2022-03-10 21:01:22.946 DEBUG 36528 --- [    Test worker] org.hibernate.type.BasicTypeRegistry     : Adding type registration Instant -> org.hibernate.type.InstantType@3f357c9d
2022-03-10 21:01:22.946 DEBUG 36528 --- [    Test worker] org.hibernate.type.BasicTypeRegistry     : Adding type registration java.time.Instant -> org.hibernate.type.InstantType@3f357c9d
2022-03-10 21:01:22.947 DEBUG 36528 --- [    Test worker] org.hibernate.type.BasicTypeRegistry     : Adding type registration LocalDateTime -> org.hibernate.type.LocalDateTimeType@4052913c
2022-03-10 21:01:22.947 DEBUG 36528 --- [    Test worker] org.hibernate.type.BasicTypeRegistry     : Adding type registration java.time.LocalDateTime -> org.hibernate.type.LocalDateTimeType@4052913c
2022-03-10 21:01:22.947 DEBUG 36528 --- [    Test worker] org.hibernate.type.BasicTypeRegistry     : Adding type registration LocalDate -> org.hibernate.type.LocalDateType@57e4b86c
2022-03-10 21:01:22.947 DEBUG 36528 --- [    Test worker] org.hibernate.type.BasicTypeRegistry     : Adding type registration java.time.LocalDate -> org.hibernate.type.LocalDateType@57e4b86c
2022-03-10 21:01:22.948 DEBUG 36528 --- [    Test worker] org.hibernate.type.BasicTypeRegistry     : Adding type registration LocalTime -> org.hibernate.type.LocalTimeType@655203e3
2022-03-10 21:01:22.948 DEBUG 36528 --- [    Test worker] org.hibernate.type.BasicTypeRegistry     : Adding type registration java.time.LocalTime -> org.hibernate.type.LocalTimeType@655203e3
2022-03-10 21:01:22.949 DEBUG 36528 --- [    Test worker] org.hibernate.type.BasicTypeRegistry     : Adding type registration OffsetDateTime -> org.hibernate.type.OffsetDateTimeType@43588265
2022-03-10 21:01:22.949 DEBUG 36528 --- [    Test worker] org.hibernate.type.BasicTypeRegistry     : Adding type registration java.time.OffsetDateTime -> org.hibernate.type.OffsetDateTimeType@43588265
2022-03-10 21:01:22.950 DEBUG 36528 --- [    Test worker] org.hibernate.type.BasicTypeRegistry     : Adding type registration OffsetTime -> org.hibernate.type.OffsetTimeType@5280688
2022-03-10 21:01:22.951 DEBUG 36528 --- [    Test worker] org.hibernate.type.BasicTypeRegistry     : Adding type registration java.time.OffsetTime -> org.hibernate.type.OffsetTimeType@5280688
2022-03-10 21:01:22.951 DEBUG 36528 --- [    Test worker] org.hibernate.type.BasicTypeRegistry     : Adding type registration ZonedDateTime -> org.hibernate.type.ZonedDateTimeType@4c2c44e8
2022-03-10 21:01:22.952 DEBUG 36528 --- [    Test worker] org.hibernate.type.BasicTypeRegistry     : Adding type registration java.time.ZonedDateTime -> org.hibernate.type.ZonedDateTimeType@4c2c44e8
2022-03-10 21:01:22.952 DEBUG 36528 --- [    Test worker] org.hibernate.type.BasicTypeRegistry     : Adding type registration date -> org.hibernate.type.DateType@464ede1f
2022-03-10 21:01:22.952 DEBUG 36528 --- [    Test worker] org.hibernate.type.BasicTypeRegistry     : Adding type registration java.sql.Date -> org.hibernate.type.DateType@464ede1f
2022-03-10 21:01:22.953 DEBUG 36528 --- [    Test worker] org.hibernate.type.BasicTypeRegistry     : Adding type registration time -> org.hibernate.type.TimeType@5b7308aa
2022-03-10 21:01:22.953 DEBUG 36528 --- [    Test worker] org.hibernate.type.BasicTypeRegistry     : Adding type registration java.sql.Time -> org.hibernate.type.TimeType@5b7308aa
2022-03-10 21:01:22.953 DEBUG 36528 --- [    Test worker] org.hibernate.type.BasicTypeRegistry     : Adding type registration timestamp -> org.hibernate.type.TimestampType@1934339
2022-03-10 21:01:22.953 DEBUG 36528 --- [    Test worker] org.hibernate.type.BasicTypeRegistry     : Adding type registration java.sql.Timestamp -> org.hibernate.type.TimestampType@1934339
2022-03-10 21:01:22.953 DEBUG 36528 --- [    Test worker] org.hibernate.type.BasicTypeRegistry     : Adding type registration java.util.Date -> org.hibernate.type.TimestampType@1934339
2022-03-10 21:01:22.955 DEBUG 36528 --- [    Test worker] org.hibernate.type.BasicTypeRegistry     : Adding type registration dbtimestamp -> org.hibernate.type.DbTimestampType@69ffdaa8
2022-03-10 21:01:22.956 DEBUG 36528 --- [    Test worker] org.hibernate.type.BasicTypeRegistry     : Adding type registration calendar -> org.hibernate.type.CalendarType@6d421fe
2022-03-10 21:01:22.956 DEBUG 36528 --- [    Test worker] org.hibernate.type.BasicTypeRegistry     : Adding type registration java.util.Calendar -> org.hibernate.type.CalendarType@6d421fe
2022-03-10 21:01:22.956 DEBUG 36528 --- [    Test worker] org.hibernate.type.BasicTypeRegistry     : Adding type registration java.util.GregorianCalendar -> org.hibernate.type.CalendarType@6d421fe
2022-03-10 21:01:22.956 DEBUG 36528 --- [    Test worker] org.hibernate.type.BasicTypeRegistry     : Adding type registration calendar_date -> org.hibernate.type.CalendarDateType@d0b814d
2022-03-10 21:01:22.957 DEBUG 36528 --- [    Test worker] org.hibernate.type.BasicTypeRegistry     : Adding type registration calendar_time -> org.hibernate.type.CalendarTimeType@1ac0cdb0
2022-03-10 21:01:22.957 DEBUG 36528 --- [    Test worker] org.hibernate.type.BasicTypeRegistry     : Adding type registration locale -> org.hibernate.type.LocaleType@74f4a2ba
2022-03-10 21:01:22.957 DEBUG 36528 --- [    Test worker] org.hibernate.type.BasicTypeRegistry     : Adding type registration java.util.Locale -> org.hibernate.type.LocaleType@74f4a2ba
2022-03-10 21:01:22.958 DEBUG 36528 --- [    Test worker] org.hibernate.type.BasicTypeRegistry     : Adding type registration currency -> org.hibernate.type.CurrencyType@6e2eead5
2022-03-10 21:01:22.958 DEBUG 36528 --- [    Test worker] org.hibernate.type.BasicTypeRegistry     : Adding type registration java.util.Currency -> org.hibernate.type.CurrencyType@6e2eead5
2022-03-10 21:01:22.958 DEBUG 36528 --- [    Test worker] org.hibernate.type.BasicTypeRegistry     : Adding type registration timezone -> org.hibernate.type.TimeZoneType@6fd1ea75
2022-03-10 21:01:22.958 DEBUG 36528 --- [    Test worker] org.hibernate.type.BasicTypeRegistry     : Adding type registration java.util.TimeZone -> org.hibernate.type.TimeZoneType@6fd1ea75
2022-03-10 21:01:22.958 DEBUG 36528 --- [    Test worker] org.hibernate.type.BasicTypeRegistry     : Adding type registration class -> org.hibernate.type.ClassType@489f62a3
2022-03-10 21:01:22.958 DEBUG 36528 --- [    Test worker] org.hibernate.type.BasicTypeRegistry     : Adding type registration java.lang.Class -> org.hibernate.type.ClassType@489f62a3
2022-03-10 21:01:22.959 DEBUG 36528 --- [    Test worker] org.hibernate.type.BasicTypeRegistry     : Adding type registration uuid-binary -> org.hibernate.type.UUIDBinaryType@36df4c26
2022-03-10 21:01:22.959 DEBUG 36528 --- [    Test worker] org.hibernate.type.BasicTypeRegistry     : Adding type registration java.util.UUID -> org.hibernate.type.UUIDBinaryType@36df4c26
2022-03-10 21:01:22.959 DEBUG 36528 --- [    Test worker] org.hibernate.type.BasicTypeRegistry     : Adding type registration uuid-char -> org.hibernate.type.UUIDCharType@2fee69a1
2022-03-10 21:01:22.960 DEBUG 36528 --- [    Test worker] org.hibernate.type.BasicTypeRegistry     : Adding type registration binary -> org.hibernate.type.BinaryType@7b211077
2022-03-10 21:01:22.960 DEBUG 36528 --- [    Test worker] org.hibernate.type.BasicTypeRegistry     : Adding type registration byte[] -> org.hibernate.type.BinaryType@7b211077
2022-03-10 21:01:22.960 DEBUG 36528 --- [    Test worker] org.hibernate.type.BasicTypeRegistry     : Adding type registration [B -> org.hibernate.type.BinaryType@7b211077
2022-03-10 21:01:22.960 DEBUG 36528 --- [    Test worker] org.hibernate.type.BasicTypeRegistry     : Adding type registration wrapper-binary -> org.hibernate.type.WrapperBinaryType@40faff12
2022-03-10 21:01:22.960 DEBUG 36528 --- [    Test worker] org.hibernate.type.BasicTypeRegistry     : Adding type registration Byte[] -> org.hibernate.type.WrapperBinaryType@40faff12
2022-03-10 21:01:22.960 DEBUG 36528 --- [    Test worker] org.hibernate.type.BasicTypeRegistry     : Adding type registration [Ljava.lang.Byte; -> org.hibernate.type.WrapperBinaryType@40faff12
2022-03-10 21:01:22.961 DEBUG 36528 --- [    Test worker] org.hibernate.type.BasicTypeRegistry     : Adding type registration row_version -> org.hibernate.type.RowVersionType@2326180c
2022-03-10 21:01:22.961 DEBUG 36528 --- [    Test worker] org.hibernate.type.BasicTypeRegistry     : Adding type registration image -> org.hibernate.type.ImageType@559d19c
2022-03-10 21:01:22.961 DEBUG 36528 --- [    Test worker] org.hibernate.type.BasicTypeRegistry     : Adding type registration characters -> org.hibernate.type.CharArrayType@3a588b5f
2022-03-10 21:01:22.961 DEBUG 36528 --- [    Test worker] org.hibernate.type.BasicTypeRegistry     : Adding type registration char[] -> org.hibernate.type.CharArrayType@3a588b5f
2022-03-10 21:01:22.961 DEBUG 36528 --- [    Test worker] org.hibernate.type.BasicTypeRegistry     : Adding type registration [C -> org.hibernate.type.CharArrayType@3a588b5f
2022-03-10 21:01:22.962 DEBUG 36528 --- [    Test worker] org.hibernate.type.BasicTypeRegistry     : Adding type registration wrapper-characters -> org.hibernate.type.CharacterArrayType@7185e611
2022-03-10 21:01:22.962 DEBUG 36528 --- [    Test worker] org.hibernate.type.BasicTypeRegistry     : Adding type registration [Ljava.lang.Character; -> org.hibernate.type.CharacterArrayType@7185e611
2022-03-10 21:01:22.962 DEBUG 36528 --- [    Test worker] org.hibernate.type.BasicTypeRegistry     : Adding type registration Character[] -> org.hibernate.type.CharacterArrayType@7185e611
2022-03-10 21:01:22.962 DEBUG 36528 --- [    Test worker] org.hibernate.type.BasicTypeRegistry     : Adding type registration text -> org.hibernate.type.TextType@3b8507df
2022-03-10 21:01:22.962 DEBUG 36528 --- [    Test worker] org.hibernate.type.BasicTypeRegistry     : Adding type registration ntext -> org.hibernate.type.NTextType@45cd8607
2022-03-10 21:01:22.963 DEBUG 36528 --- [    Test worker] org.hibernate.type.BasicTypeRegistry     : Adding type registration blob -> org.hibernate.type.BlobType@2475fba3
2022-03-10 21:01:22.963 DEBUG 36528 --- [    Test worker] org.hibernate.type.BasicTypeRegistry     : Adding type registration java.sql.Blob -> org.hibernate.type.BlobType@2475fba3
2022-03-10 21:01:22.963 DEBUG 36528 --- [    Test worker] org.hibernate.type.BasicTypeRegistry     : Adding type registration materialized_blob -> org.hibernate.type.MaterializedBlobType@2864f887
2022-03-10 21:01:22.964 DEBUG 36528 --- [    Test worker] org.hibernate.type.BasicTypeRegistry     : Adding type registration clob -> org.hibernate.type.ClobType@2fb082ff
2022-03-10 21:01:22.965 DEBUG 36528 --- [    Test worker] org.hibernate.type.BasicTypeRegistry     : Adding type registration java.sql.Clob -> org.hibernate.type.ClobType@2fb082ff
2022-03-10 21:01:22.965 DEBUG 36528 --- [    Test worker] org.hibernate.type.BasicTypeRegistry     : Adding type registration nclob -> org.hibernate.type.NClobType@38bc5ac0
2022-03-10 21:01:22.965 DEBUG 36528 --- [    Test worker] org.hibernate.type.BasicTypeRegistry     : Adding type registration java.sql.NClob -> org.hibernate.type.NClobType@38bc5ac0
2022-03-10 21:01:22.965 DEBUG 36528 --- [    Test worker] org.hibernate.type.BasicTypeRegistry     : Adding type registration materialized_clob -> org.hibernate.type.MaterializedClobType@749baa0c
2022-03-10 21:01:22.965 DEBUG 36528 --- [    Test worker] org.hibernate.type.BasicTypeRegistry     : Adding type registration materialized_nclob -> org.hibernate.type.MaterializedNClobType@8b670c0
2022-03-10 21:01:22.966 DEBUG 36528 --- [    Test worker] org.hibernate.type.BasicTypeRegistry     : Adding type registration serializable -> org.hibernate.type.SerializableType@4586a8aa
2022-03-10 21:01:22.967 DEBUG 36528 --- [    Test worker] org.hibernate.type.BasicTypeRegistry     : Adding type registration object -> org.hibernate.type.ObjectType@2c34402
2022-03-10 21:01:22.968 DEBUG 36528 --- [    Test worker] org.hibernate.type.BasicTypeRegistry     : Adding type registration java.lang.Object -> org.hibernate.type.ObjectType@2c34402
2022-03-10 21:01:22.968 DEBUG 36528 --- [    Test worker] org.hibernate.type.BasicTypeRegistry     : Adding type registration imm_date -> org.hibernate.type.AdaptedImmutableType@5cc3e49b
2022-03-10 21:01:22.968 DEBUG 36528 --- [    Test worker] org.hibernate.type.BasicTypeRegistry     : Adding type registration imm_time -> org.hibernate.type.AdaptedImmutableType@4239262e
2022-03-10 21:01:22.968 DEBUG 36528 --- [    Test worker] org.hibernate.type.BasicTypeRegistry     : Adding type registration imm_timestamp -> org.hibernate.type.AdaptedImmutableType@7bec8cb0
2022-03-10 21:01:22.968 DEBUG 36528 --- [    Test worker] org.hibernate.type.BasicTypeRegistry     : Adding type registration imm_dbtimestamp -> org.hibernate.type.AdaptedImmutableType@7d88fa9c
2022-03-10 21:01:22.968 DEBUG 36528 --- [    Test worker] org.hibernate.type.BasicTypeRegistry     : Adding type registration imm_calendar -> org.hibernate.type.AdaptedImmutableType@3eac2e8a
2022-03-10 21:01:22.968 DEBUG 36528 --- [    Test worker] org.hibernate.type.BasicTypeRegistry     : Adding type registration imm_calendar_date -> org.hibernate.type.AdaptedImmutableType@352f6727
2022-03-10 21:01:22.968 DEBUG 36528 --- [    Test worker] org.hibernate.type.BasicTypeRegistry     : Adding type registration imm_binary -> org.hibernate.type.AdaptedImmutableType@2ab9e43e
2022-03-10 21:01:22.968 DEBUG 36528 --- [    Test worker] org.hibernate.type.BasicTypeRegistry     : Adding type registration imm_serializable -> org.hibernate.type.AdaptedImmutableType@10dfa7ef
2022-03-10 21:01:22.994  INFO 36528 --- [    Test worker] com.zaxxer.hikari.HikariDataSource       : HikariPool-1 - Starting...
2022-03-10 21:01:23.076  INFO 36528 --- [    Test worker] com.zaxxer.hikari.HikariDataSource       : HikariPool-1 - Start completed.
2022-03-10 21:01:23.094  INFO 36528 --- [    Test worker] org.hibernate.dialect.Dialect            : HHH000400: Using dialect: org.hibernate.dialect.H2Dialect
2022-03-10 21:01:23.132 DEBUG 36528 --- [    Test worker] o.h.type.spi.TypeConfiguration$Scope     : Scoping TypeConfiguration [org.hibernate.type.spi.TypeConfiguration@58b8f9e3] to MetadataBuildingContext [org.hibernate.boot.internal.MetadataBuildingContextRootImpl@32a033b6]
2022-03-10 21:01:23.254 DEBUG 36528 --- [    Test worker] o.h.type.spi.TypeConfiguration$Scope     : Scoping TypeConfiguration [org.hibernate.type.spi.TypeConfiguration@58b8f9e3] to SessionFactoryImpl [org.hibernate.internal.SessionFactoryImpl@64eeddd8]
2022-03-10 21:01:23.430 DEBUG 36528 --- [    Test worker] org.hibernate.SQL                        : 
    
    drop table if exists hello CASCADE 
2022-03-10 21:01:23.438  INFO 36528 --- [    Test worker] p6spy                                    : #1646913683438 | took 6ms | statement | connection 1| url jdbc:h2:tcp://localhost/~/querydsl

    drop table if exists hello CASCADE 

    drop table if exists hello CASCADE ;
2022-03-10 21:01:23.438 DEBUG 36528 --- [    Test worker] org.hibernate.SQL                        : 
    
    drop table if exists member CASCADE 
2022-03-10 21:01:23.441  INFO 36528 --- [    Test worker] p6spy                                    : #1646913683441 | took 2ms | statement | connection 1| url jdbc:h2:tcp://localhost/~/querydsl

    drop table if exists member CASCADE 

    drop table if exists member CASCADE ;
2022-03-10 21:01:23.441 DEBUG 36528 --- [    Test worker] org.hibernate.SQL                        : 
    
    drop table if exists team CASCADE 
2022-03-10 21:01:23.441  INFO 36528 --- [    Test worker] p6spy                                    : #1646913683441 | took 0ms | statement | connection 1| url jdbc:h2:tcp://localhost/~/querydsl

    drop table if exists team CASCADE 

    drop table if exists team CASCADE ;
2022-03-10 21:01:23.441 DEBUG 36528 --- [    Test worker] org.hibernate.SQL                        : 
    
    drop sequence if exists hibernate_sequence
2022-03-10 21:01:23.443  INFO 36528 --- [    Test worker] p6spy                                    : #1646913683443 | took 1ms | statement | connection 1| url jdbc:h2:tcp://localhost/~/querydsl

    drop sequence if exists hibernate_sequence

    drop sequence if exists hibernate_sequence;
2022-03-10 21:01:23.444 DEBUG 36528 --- [    Test worker] org.hibernate.SQL                        : create sequence hibernate_sequence start with 1 increment by 1
2022-03-10 21:01:23.445  INFO 36528 --- [    Test worker] p6spy                                    : #1646913683445 | took 0ms | statement | connection 2| url jdbc:h2:tcp://localhost/~/querydsl
create sequence hibernate_sequence start with 1 increment by 1
create sequence hibernate_sequence start with 1 increment by 1;
2022-03-10 21:01:23.446 DEBUG 36528 --- [    Test worker] org.hibernate.SQL                        : 
    
    create table hello (
       id bigint not null,
        primary key (id)
    )
2022-03-10 21:01:23.450  INFO 36528 --- [    Test worker] p6spy                                    : #1646913683450 | took 4ms | statement | connection 2| url jdbc:h2:tcp://localhost/~/querydsl

    create table hello (
       id bigint not null,
        primary key (id)
    )

    create table hello (
       id bigint not null,
        primary key (id)
    );
2022-03-10 21:01:23.450 DEBUG 36528 --- [    Test worker] org.hibernate.SQL                        : 
    
    create table member (
       member_id bigint not null,
        age integer not null,
        username varchar(255),
        team_id bigint,
        primary key (member_id)
    )
2022-03-10 21:01:23.466  INFO 36528 --- [    Test worker] p6spy                                    : #1646913683466 | took 15ms | statement | connection 2| url jdbc:h2:tcp://localhost/~/querydsl

    create table member (
       member_id bigint not null,
        age integer not null,
        username varchar(255),
        team_id bigint,
        primary key (member_id)
    )

    create table member (
       member_id bigint not null,
        age integer not null,
        username varchar(255),
        team_id bigint,
        primary key (member_id)
    );
2022-03-10 21:01:23.466 DEBUG 36528 --- [    Test worker] org.hibernate.SQL                        : 
    
    create table team (
       id bigint not null,
        name varchar(255),
        primary key (id)
    )
2022-03-10 21:01:23.472  INFO 36528 --- [    Test worker] p6spy                                    : #1646913683472 | took 5ms | statement | connection 2| url jdbc:h2:tcp://localhost/~/querydsl

    create table team (
       id bigint not null,
        name varchar(255),
        primary key (id)
    )

    create table team (
       id bigint not null,
        name varchar(255),
        primary key (id)
    );
2022-03-10 21:01:23.472 DEBUG 36528 --- [    Test worker] org.hibernate.SQL                        : 
    
    alter table member 
       add constraint FKcjte2jn9pvo9ud2hyfgwcja0k 
       foreign key (team_id) 
       references team
2022-03-10 21:01:23.504  INFO 36528 --- [    Test worker] p6spy                                    : #1646913683504 | took 31ms | statement | connection 2| url jdbc:h2:tcp://localhost/~/querydsl

    alter table member 
       add constraint FKcjte2jn9pvo9ud2hyfgwcja0k 
       foreign key (team_id) 
       references team

    alter table member 
       add constraint FKcjte2jn9pvo9ud2hyfgwcja0k 
       foreign key (team_id) 
       references team;
2022-03-10 21:01:23.505  INFO 36528 --- [    Test worker] o.h.e.t.j.p.i.JtaPlatformInitiator       : HHH000490: Using JtaPlatform implementation: [org.hibernate.engine.transaction.jta.platform.internal.NoJtaPlatform]
2022-03-10 21:01:23.509 TRACE 36528 --- [    Test worker] o.h.type.spi.TypeConfiguration$Scope     : Handling #sessionFactoryCreated from [org.hibernate.internal.SessionFactoryImpl@64eeddd8] for TypeConfiguration
2022-03-10 21:01:23.509  INFO 36528 --- [    Test worker] j.LocalContainerEntityManagerFactoryBean : Initialized JPA EntityManagerFactory for persistence unit 'default'
2022-03-10 21:01:23.619  WARN 36528 --- [    Test worker] JpaBaseConfiguration$JpaWebConfiguration : spring.jpa.open-in-view is enabled by default. Therefore, database queries may be performed during view rendering. Explicitly configure spring.jpa.open-in-view to disable this warning
2022-03-10 21:01:23.748  INFO 36528 --- [    Test worker] o.s.b.a.h2.H2ConsoleAutoConfiguration    : H2 console available at '/h2-console'. Database available at 'jdbc:h2:tcp://localhost/~/querydsl'
2022-03-10 21:01:23.909  INFO 36528 --- [    Test worker] study.querydsl.MemberTest                : Started MemberTest in 2.127 seconds (JVM running for 2.753)
2022-03-10 21:01:23.971  INFO 36528 --- [    Test worker] o.s.t.c.transaction.TransactionContext   : Began transaction (1) for test context [DefaultTestContext@781e7326 testClass = MemberTest, testInstance = study.querydsl.MemberTest@294a12b5, testMethod = testEntity@MemberTest, testException = [null], mergedContextConfiguration = [WebMergedContextConfiguration@22680f52 testClass = MemberTest, locations = '{}', classes = '{class study.querydsl.QuerydslApplication}', contextInitializerClasses = '[]', activeProfiles = '{}', propertySourceLocations = '{}', propertySourceProperties = '{org.springframework.boot.test.context.SpringBootTestContextBootstrapper=true}', contextCustomizers = set[org.springframework.boot.test.autoconfigure.actuate.metrics.MetricsExportContextCustomizerFactory$DisableMetricExportContextCustomizer@a202ccb, org.springframework.boot.test.autoconfigure.properties.PropertyMappingContextCustomizer@0, org.springframework.boot.test.autoconfigure.web.servlet.WebDriverContextCustomizerFactory$Customizer@4044fb95, org.springframework.boot.test.context.filter.ExcludeFilterContextCustomizer@1bb564e2, org.springframework.boot.test.json.DuplicateJsonObjectContextCustomizerFactory$DuplicateJsonObjectContextCustomizer@7b8233cd, org.springframework.boot.test.mock.mockito.MockitoContextCustomizer@0, org.springframework.boot.test.web.client.TestRestTemplateContextCustomizer@16746061, org.springframework.boot.test.context.SpringBootTestArgs@1, org.springframework.boot.test.context.SpringBootTestWebEnvironment@7fd7a283], resourceBasePath = 'src/main/webapp', contextLoader = 'org.springframework.boot.test.context.SpringBootContextLoader', parent = [null]], attributes = map['org.springframework.test.context.web.ServletTestExecutionListener.activateListener' -> true, 'org.springframework.test.context.web.ServletTestExecutionListener.populatedRequestContextHolder' -> true, 'org.springframework.test.context.web.ServletTestExecutionListener.resetRequestContextHolder' -> true, 'org.springframework.test.context.event.ApplicationEventsTestExecutionListener.recordApplicationEvents' -> false]]; transaction manager [org.springframework.orm.jpa.JpaTransactionManager@25dc2c0]; rollback [false]
2022-03-10 21:01:24.040 DEBUG 36528 --- [    Test worker] org.hibernate.SQL                        : 
    call next value for hibernate_sequence
2022-03-10 21:01:24.052  INFO 36528 --- [    Test worker] p6spy                                    : #1646913684052 | took 5ms | statement | connection 4| url jdbc:h2:tcp://localhost/~/querydsl
call next value for hibernate_sequence
call next value for hibernate_sequence;
2022-03-10 21:01:24.069 DEBUG 36528 --- [    Test worker] org.hibernate.SQL                        : 
    call next value for hibernate_sequence
2022-03-10 21:01:24.070  INFO 36528 --- [    Test worker] p6spy                                    : #1646913684070 | took 0ms | statement | connection 4| url jdbc:h2:tcp://localhost/~/querydsl
call next value for hibernate_sequence
call next value for hibernate_sequence;
2022-03-10 21:01:24.070 DEBUG 36528 --- [    Test worker] org.hibernate.SQL                        : 
    call next value for hibernate_sequence
2022-03-10 21:01:24.071  INFO 36528 --- [    Test worker] p6spy                                    : #1646913684071 | took 0ms | statement | connection 4| url jdbc:h2:tcp://localhost/~/querydsl
call next value for hibernate_sequence
call next value for hibernate_sequence;
2022-03-10 21:01:24.071 DEBUG 36528 --- [    Test worker] org.hibernate.SQL                        : 
    call next value for hibernate_sequence
2022-03-10 21:01:24.072  INFO 36528 --- [    Test worker] p6spy                                    : #1646913684072 | took 0ms | statement | connection 4| url jdbc:h2:tcp://localhost/~/querydsl
call next value for hibernate_sequence
call next value for hibernate_sequence;
2022-03-10 21:01:24.072 DEBUG 36528 --- [    Test worker] org.hibernate.SQL                        : 
    call next value for hibernate_sequence
2022-03-10 21:01:24.073  INFO 36528 --- [    Test worker] p6spy                                    : #1646913684073 | took 0ms | statement | connection 4| url jdbc:h2:tcp://localhost/~/querydsl
call next value for hibernate_sequence
call next value for hibernate_sequence;
2022-03-10 21:01:24.073 DEBUG 36528 --- [    Test worker] org.hibernate.SQL                        : 
    call next value for hibernate_sequence
2022-03-10 21:01:24.073  INFO 36528 --- [    Test worker] p6spy                                    : #1646913684073 | took 0ms | statement | connection 4| url jdbc:h2:tcp://localhost/~/querydsl
call next value for hibernate_sequence
call next value for hibernate_sequence;
2022-03-10 21:01:24.078 DEBUG 36528 --- [    Test worker] org.hibernate.SQL                        : 
    insert 
    into
        team
        (name, id) 
    values
        (?, ?)
2022-03-10 21:01:24.081 TRACE 36528 --- [    Test worker] o.h.type.descriptor.sql.BasicBinder      : binding parameter [1] as [VARCHAR] - [teamA]
2022-03-10 21:01:24.081 TRACE 36528 --- [    Test worker] o.h.type.descriptor.sql.BasicBinder      : binding parameter [2] as [BIGINT] - [1]
2022-03-10 21:01:24.082  INFO 36528 --- [    Test worker] p6spy                                    : #1646913684082 | took 0ms | statement | connection 4| url jdbc:h2:tcp://localhost/~/querydsl
insert into team (name, id) values (?, ?)
insert into team (name, id) values ('teamA', 1);
2022-03-10 21:01:24.083 DEBUG 36528 --- [    Test worker] org.hibernate.SQL                        : 
    insert 
    into
        team
        (name, id) 
    values
        (?, ?)
2022-03-10 21:01:24.084 TRACE 36528 --- [    Test worker] o.h.type.descriptor.sql.BasicBinder      : binding parameter [1] as [VARCHAR] - [teamB]
2022-03-10 21:01:24.084 TRACE 36528 --- [    Test worker] o.h.type.descriptor.sql.BasicBinder      : binding parameter [2] as [BIGINT] - [2]
2022-03-10 21:01:24.084  INFO 36528 --- [    Test worker] p6spy                                    : #1646913684084 | took 0ms | statement | connection 4| url jdbc:h2:tcp://localhost/~/querydsl
insert into team (name, id) values (?, ?)
insert into team (name, id) values ('teamB', 2);
2022-03-10 21:01:24.084 DEBUG 36528 --- [    Test worker] org.hibernate.SQL                        : 
    insert 
    into
        member
        (age, team_id, username, member_id) 
    values
        (?, ?, ?, ?)
2022-03-10 21:01:24.089 TRACE 36528 --- [    Test worker] o.h.type.descriptor.sql.BasicBinder      : binding parameter [1] as [INTEGER] - [10]
2022-03-10 21:01:24.089 TRACE 36528 --- [    Test worker] o.h.type.descriptor.sql.BasicBinder      : binding parameter [2] as [BIGINT] - [1]
2022-03-10 21:01:24.089 TRACE 36528 --- [    Test worker] o.h.type.descriptor.sql.BasicBinder      : binding parameter [3] as [VARCHAR] - [member1]
2022-03-10 21:01:24.089 TRACE 36528 --- [    Test worker] o.h.type.descriptor.sql.BasicBinder      : binding parameter [4] as [BIGINT] - [3]
2022-03-10 21:01:24.091  INFO 36528 --- [    Test worker] p6spy                                    : #1646913684091 | took 1ms | statement | connection 4| url jdbc:h2:tcp://localhost/~/querydsl
insert into member (age, team_id, username, member_id) values (?, ?, ?, ?)
insert into member (age, team_id, username, member_id) values (10, 1, 'member1', 3);
2022-03-10 21:01:24.091 DEBUG 36528 --- [    Test worker] org.hibernate.SQL                        : 
    insert 
    into
        member
        (age, team_id, username, member_id) 
    values
        (?, ?, ?, ?)
2022-03-10 21:01:24.097 TRACE 36528 --- [    Test worker] o.h.type.descriptor.sql.BasicBinder      : binding parameter [1] as [INTEGER] - [20]
2022-03-10 21:01:24.097 TRACE 36528 --- [    Test worker] o.h.type.descriptor.sql.BasicBinder      : binding parameter [2] as [BIGINT] - [1]
2022-03-10 21:01:24.097 TRACE 36528 --- [    Test worker] o.h.type.descriptor.sql.BasicBinder      : binding parameter [3] as [VARCHAR] - [member2]
2022-03-10 21:01:24.097 TRACE 36528 --- [    Test worker] o.h.type.descriptor.sql.BasicBinder      : binding parameter [4] as [BIGINT] - [4]
2022-03-10 21:01:24.104  INFO 36528 --- [    Test worker] p6spy                                    : #1646913684104 | took 6ms | statement | connection 4| url jdbc:h2:tcp://localhost/~/querydsl
insert into member (age, team_id, username, member_id) values (?, ?, ?, ?)
insert into member (age, team_id, username, member_id) values (20, 1, 'member2', 4);
2022-03-10 21:01:24.104 DEBUG 36528 --- [    Test worker] org.hibernate.SQL                        : 
    insert 
    into
        member
        (age, team_id, username, member_id) 
    values
        (?, ?, ?, ?)
2022-03-10 21:01:24.104 TRACE 36528 --- [    Test worker] o.h.type.descriptor.sql.BasicBinder      : binding parameter [1] as [INTEGER] - [30]
2022-03-10 21:01:24.104 TRACE 36528 --- [    Test worker] o.h.type.descriptor.sql.BasicBinder      : binding parameter [2] as [BIGINT] - [2]
2022-03-10 21:01:24.105 TRACE 36528 --- [    Test worker] o.h.type.descriptor.sql.BasicBinder      : binding parameter [3] as [VARCHAR] - [member1]
2022-03-10 21:01:24.105 TRACE 36528 --- [    Test worker] o.h.type.descriptor.sql.BasicBinder      : binding parameter [4] as [BIGINT] - [5]
2022-03-10 21:01:24.106  INFO 36528 --- [    Test worker] p6spy                                    : #1646913684106 | took 0ms | statement | connection 4| url jdbc:h2:tcp://localhost/~/querydsl
insert into member (age, team_id, username, member_id) values (?, ?, ?, ?)
insert into member (age, team_id, username, member_id) values (30, 2, 'member1', 5);
2022-03-10 21:01:24.106 DEBUG 36528 --- [    Test worker] org.hibernate.SQL                        : 
    insert 
    into
        member
        (age, team_id, username, member_id) 
    values
        (?, ?, ?, ?)
2022-03-10 21:01:24.106 TRACE 36528 --- [    Test worker] o.h.type.descriptor.sql.BasicBinder      : binding parameter [1] as [INTEGER] - [40]
2022-03-10 21:01:24.106 TRACE 36528 --- [    Test worker] o.h.type.descriptor.sql.BasicBinder      : binding parameter [2] as [BIGINT] - [2]
2022-03-10 21:01:24.106 TRACE 36528 --- [    Test worker] o.h.type.descriptor.sql.BasicBinder      : binding parameter [3] as [VARCHAR] - [member2]
2022-03-10 21:01:24.106 TRACE 36528 --- [    Test worker] o.h.type.descriptor.sql.BasicBinder      : binding parameter [4] as [BIGINT] - [6]
2022-03-10 21:01:24.107  INFO 36528 --- [    Test worker] p6spy                                    : #1646913684107 | took 0ms | statement | connection 4| url jdbc:h2:tcp://localhost/~/querydsl
insert into member (age, team_id, username, member_id) values (?, ?, ?, ?)
insert into member (age, team_id, username, member_id) values (40, 2, 'member2', 6);
2022-03-10 21:01:24.163 DEBUG 36528 --- [    Test worker] org.hibernate.SQL                        : 
    select
        member0_.member_id as member_i1_1_,
        member0_.age as age2_1_,
        member0_.team_id as team_id4_1_,
        member0_.username as username3_1_ 
    from
        member member0_
2022-03-10 21:01:24.169  INFO 36528 --- [    Test worker] p6spy                                    : #1646913684169 | took 1ms | statement | connection 4| url jdbc:h2:tcp://localhost/~/querydsl
select member0_.member_id as member_i1_1_, member0_.age as age2_1_, member0_.team_id as team_id4_1_, member0_.username as username3_1_ from member member0_
select member0_.member_id as member_i1_1_, member0_.age as age2_1_, member0_.team_id as team_id4_1_, member0_.username as username3_1_ from member member0_;
2022-03-10 21:01:24.170 TRACE 36528 --- [    Test worker] o.h.type.descriptor.sql.BasicExtractor   : extracted value ([member_i1_1_] : [BIGINT]) - [3]
2022-03-10 21:01:24.171 TRACE 36528 --- [    Test worker] o.h.type.descriptor.sql.BasicExtractor   : extracted value ([age2_1_] : [INTEGER]) - [10]
2022-03-10 21:01:24.171 TRACE 36528 --- [    Test worker] o.h.type.descriptor.sql.BasicExtractor   : extracted value ([team_id4_1_] : [BIGINT]) - [1]
2022-03-10 21:01:24.171 TRACE 36528 --- [    Test worker] o.h.type.descriptor.sql.BasicExtractor   : extracted value ([username3_1_] : [VARCHAR]) - [member1]
2022-03-10 21:01:24.171 TRACE 36528 --- [    Test worker] o.h.type.descriptor.sql.BasicExtractor   : extracted value ([member_i1_1_] : [BIGINT]) - [4]
2022-03-10 21:01:24.171 TRACE 36528 --- [    Test worker] o.h.type.descriptor.sql.BasicExtractor   : extracted value ([age2_1_] : [INTEGER]) - [20]
2022-03-10 21:01:24.171 TRACE 36528 --- [    Test worker] o.h.type.descriptor.sql.BasicExtractor   : extracted value ([team_id4_1_] : [BIGINT]) - [1]
2022-03-10 21:01:24.171 TRACE 36528 --- [    Test worker] o.h.type.descriptor.sql.BasicExtractor   : extracted value ([username3_1_] : [VARCHAR]) - [member2]
2022-03-10 21:01:24.171 TRACE 36528 --- [    Test worker] o.h.type.descriptor.sql.BasicExtractor   : extracted value ([member_i1_1_] : [BIGINT]) - [5]
2022-03-10 21:01:24.171 TRACE 36528 --- [    Test worker] o.h.type.descriptor.sql.BasicExtractor   : extracted value ([age2_1_] : [INTEGER]) - [30]
2022-03-10 21:01:24.171 TRACE 36528 --- [    Test worker] o.h.type.descriptor.sql.BasicExtractor   : extracted value ([team_id4_1_] : [BIGINT]) - [2]
2022-03-10 21:01:24.171 TRACE 36528 --- [    Test worker] o.h.type.descriptor.sql.BasicExtractor   : extracted value ([username3_1_] : [VARCHAR]) - [member1]
2022-03-10 21:01:24.172 TRACE 36528 --- [    Test worker] o.h.type.descriptor.sql.BasicExtractor   : extracted value ([member_i1_1_] : [BIGINT]) - [6]
2022-03-10 21:01:24.172 TRACE 36528 --- [    Test worker] o.h.type.descriptor.sql.BasicExtractor   : extracted value ([age2_1_] : [INTEGER]) - [40]
2022-03-10 21:01:24.172 TRACE 36528 --- [    Test worker] o.h.type.descriptor.sql.BasicExtractor   : extracted value ([team_id4_1_] : [BIGINT]) - [2]
2022-03-10 21:01:24.172 TRACE 36528 --- [    Test worker] o.h.type.descriptor.sql.BasicExtractor   : extracted value ([username3_1_] : [VARCHAR]) - [member2]
member = Member(id=3, username=member1, age=10)
2022-03-10 21:01:24.183 DEBUG 36528 --- [    Test worker] org.hibernate.SQL                        : 
    select
        team0_.id as id1_2_0_,
        team0_.name as name2_2_0_ 
    from
        team team0_ 
    where
        team0_.id=?
2022-03-10 21:01:24.187 TRACE 36528 --- [    Test worker] o.h.type.descriptor.sql.BasicBinder      : binding parameter [1] as [BIGINT] - [1]
2022-03-10 21:01:24.192  INFO 36528 --- [    Test worker] p6spy                                    : #1646913684192 | took 4ms | statement | connection 4| url jdbc:h2:tcp://localhost/~/querydsl
select team0_.id as id1_2_0_, team0_.name as name2_2_0_ from team team0_ where team0_.id=?
select team0_.id as id1_2_0_, team0_.name as name2_2_0_ from team team0_ where team0_.id=1;
2022-03-10 21:01:24.193 TRACE 36528 --- [    Test worker] o.h.type.descriptor.sql.BasicExtractor   : extracted value ([name2_2_0_] : [VARCHAR]) - [teamA]
2022-03-10 21:01:24.195 TRACE 36528 --- [    Test worker] org.hibernate.type.CollectionType        : Created collection wrapper: [study.querydsl.entity.Team.members#1]
-> member.teamTeam(id=1, name=teamA)
member = Member(id=4, username=member2, age=20)
-> member.teamTeam(id=1, name=teamA)
member = Member(id=5, username=member1, age=30)
2022-03-10 21:01:24.198 DEBUG 36528 --- [    Test worker] org.hibernate.SQL                        : 
    select
        team0_.id as id1_2_0_,
        team0_.name as name2_2_0_ 
    from
        team team0_ 
    where
        team0_.id=?
2022-03-10 21:01:24.200 TRACE 36528 --- [    Test worker] o.h.type.descriptor.sql.BasicBinder      : binding parameter [1] as [BIGINT] - [2]
2022-03-10 21:01:24.201  INFO 36528 --- [    Test worker] p6spy                                    : #1646913684201 | took 1ms | statement | connection 4| url jdbc:h2:tcp://localhost/~/querydsl
select team0_.id as id1_2_0_, team0_.name as name2_2_0_ from team team0_ where team0_.id=?
select team0_.id as id1_2_0_, team0_.name as name2_2_0_ from team team0_ where team0_.id=2;
2022-03-10 21:01:24.202 TRACE 36528 --- [    Test worker] o.h.type.descriptor.sql.BasicExtractor   : extracted value ([name2_2_0_] : [VARCHAR]) - [teamB]
2022-03-10 21:01:24.202 TRACE 36528 --- [    Test worker] org.hibernate.type.CollectionType        : Created collection wrapper: [study.querydsl.entity.Team.members#2]
-> member.teamTeam(id=2, name=teamB)
member = Member(id=6, username=member2, age=40)
-> member.teamTeam(id=2, name=teamB)
2022-03-10 21:01:24.210  INFO 36528 --- [    Test worker] p6spy                                    : #1646913684210 | took 3ms | commit | connection 4| url jdbc:h2:tcp://localhost/~/querydsl

;
2022-03-10 21:01:24.212  INFO 36528 --- [    Test worker] o.s.t.c.transaction.TransactionContext   : Committed transaction for test: [DefaultTestContext@781e7326 testClass = MemberTest, testInstance = study.querydsl.MemberTest@294a12b5, testMethod = testEntity@MemberTest, testException = [null], mergedContextConfiguration = [WebMergedContextConfiguration@22680f52 testClass = MemberTest, locations = '{}', classes = '{class study.querydsl.QuerydslApplication}', contextInitializerClasses = '[]', activeProfiles = '{}', propertySourceLocations = '{}', propertySourceProperties = '{org.springframework.boot.test.context.SpringBootTestContextBootstrapper=true}', contextCustomizers = set[org.springframework.boot.test.autoconfigure.actuate.metrics.MetricsExportContextCustomizerFactory$DisableMetricExportContextCustomizer@a202ccb, org.springframework.boot.test.autoconfigure.properties.PropertyMappingContextCustomizer@0, org.springframework.boot.test.autoconfigure.web.servlet.WebDriverContextCustomizerFactory$Customizer@4044fb95, org.springframework.boot.test.context.filter.ExcludeFilterContextCustomizer@1bb564e2, org.springframework.boot.test.json.DuplicateJsonObjectContextCustomizerFactory$DuplicateJsonObjectContextCustomizer@7b8233cd, org.springframework.boot.test.mock.mockito.MockitoContextCustomizer@0, org.springframework.boot.test.web.client.TestRestTemplateContextCustomizer@16746061, org.springframework.boot.test.context.SpringBootTestArgs@1, org.springframework.boot.test.context.SpringBootTestWebEnvironment@7fd7a283], resourceBasePath = 'src/main/webapp', contextLoader = 'org.springframework.boot.test.context.SpringBootContextLoader', parent = [null]], attributes = map['org.springframework.test.context.web.ServletTestExecutionListener.activateListener' -> true, 'org.springframework.test.context.web.ServletTestExecutionListener.populatedRequestContextHolder' -> true, 'org.springframework.test.context.web.ServletTestExecutionListener.resetRequestContextHolder' -> true, 'org.springframework.test.context.event.ApplicationEventsTestExecutionListener.recordApplicationEvents' -> false]]
]]></system-out>
  <system-err><![CDATA[]]></system-err>
</testsuite>
